Determining if the pthread_create exist failed with the following output:
Change Dir: /home/simon/catkin_ws/src/orbslam2_modified/ORB_SLAM2_modified/build/CMakeFiles/CMakeTmp

Run Build Command:"/usr/bin/make" "cmTC_9c5b4/fast"
/usr/bin/make -f CMakeFiles/cmTC_9c5b4.dir/build.make CMakeFiles/cmTC_9c5b4.dir/build
make[1]: Entering directory '/home/simon/catkin_ws/src/orbslam2_modified/ORB_SLAM2_modified/build/CMakeFiles/CMakeTmp'
Building C object CMakeFiles/cmTC_9c5b4.dir/CheckSymbolExists.c.o
/usr/bin/cc   -Wall  -O3 -march=native     -o CMakeFiles/cmTC_9c5b4.dir/CheckSymbolExists.c.o   -c /home/simon/catkin_ws/src/orbslam2_modified/ORB_SLAM2_modified/build/CMakeFiles/CMakeTmp/CheckSymbolExists.c
Linking C executable cmTC_9c5b4
/usr/bin/cmake -E cmake_link_script CMakeFiles/cmTC_9c5b4.dir/link.txt --verbose=1
/usr/bin/cc   -Wall  -O3 -march=native      -rdynamic CMakeFiles/cmTC_9c5b4.dir/CheckSymbolExists.c.o  -o cmTC_9c5b4 
CMakeFiles/cmTC_9c5b4.dir/CheckSymbolExists.c.o: In function `main':
CheckSymbolExists.c:(.text.startup+0x0): undefined reference to `pthread_create'
CheckSymbolExists.c:(.text.startup+0x4): undefined reference to `pthread_create'
collect2: error: ld returned 1 exit status
CMakeFiles/cmTC_9c5b4.dir/build.make:97: recipe for target 'cmTC_9c5b4' failed
make[1]: *** [cmTC_9c5b4] Error 1
make[1]: Leaving directory '/home/simon/catkin_ws/src/orbslam2_modified/ORB_SLAM2_modified/build/CMakeFiles/CMakeTmp'
Makefile:126: recipe for target 'cmTC_9c5b4/fast' failed
make: *** [cmTC_9c5b4/fast] Error 2

File /home/simon/catkin_ws/src/orbslam2_modified/ORB_SLAM2_modified/build/CMakeFiles/CMakeTmp/CheckSymbolExists.c:
/* */
#include <pthread.h>

int main(int argc, char** argv)
{
  (void)argv;
#ifndef pthread_create
  return ((int*)(&pthread_create))[argc];
#else
  (void)argc;
  return 0;
#endif
}

Determining if the function pthread_create exists in the pthreads failed with the following output:
Change Dir: /home/simon/catkin_ws/src/orbslam2_modified/ORB_SLAM2_modified/build/CMakeFiles/CMakeTmp

Run Build Command:"/usr/bin/make" "cmTC_22e3e/fast"
/usr/bin/make -f CMakeFiles/cmTC_22e3e.dir/build.make CMakeFiles/cmTC_22e3e.dir/build
make[1]: Entering directory '/home/simon/catkin_ws/src/orbslam2_modified/ORB_SLAM2_modified/build/CMakeFiles/CMakeTmp'
Building C object CMakeFiles/cmTC_22e3e.dir/CheckFunctionExists.c.o
/usr/bin/cc   -Wall  -O3 -march=native  -DCHECK_FUNCTION_EXISTS=pthread_create   -o CMakeFiles/cmTC_22e3e.dir/CheckFunctionExists.c.o   -c /usr/share/cmake-3.10/Modules/CheckFunctionExists.c
Linking C executable cmTC_22e3e
/usr/bin/cmake -E cmake_link_script CMakeFiles/cmTC_22e3e.dir/link.txt --verbose=1
/usr/bin/cc   -Wall  -O3 -march=native  -DCHECK_FUNCTION_EXISTS=pthread_create    -rdynamic CMakeFiles/cmTC_22e3e.dir/CheckFunctionExists.c.o  -o cmTC_22e3e -lpthreads 
/usr/bin/ld: cannot find -lpthreads
collect2: error: ld returned 1 exit status
CMakeFiles/cmTC_22e3e.dir/build.make:97: recipe for target 'cmTC_22e3e' failed
make[1]: *** [cmTC_22e3e] Error 1
make[1]: Leaving directory '/home/simon/catkin_ws/src/orbslam2_modified/ORB_SLAM2_modified/build/CMakeFiles/CMakeTmp'
Makefile:126: recipe for target 'cmTC_22e3e/fast' failed
make: *** [cmTC_22e3e/fast] Error 2


