Determining if the pthread_create exist failed with the following output:
Change Dir: /home/simon/catkin_ws/src/orbslam2_modified/ORB_SLAM2_modified/include/CMakeFiles/CMakeTmp

Run Build Command:"/usr/bin/make" "cmTC_1daf4/fast"
/usr/bin/make -f CMakeFiles/cmTC_1daf4.dir/build.make CMakeFiles/cmTC_1daf4.dir/build
make[1]: Entering directory '/home/simon/catkin_ws/src/orbslam2_modified/ORB_SLAM2_modified/include/CMakeFiles/CMakeTmp'
Building C object CMakeFiles/cmTC_1daf4.dir/CheckSymbolExists.c.o
/usr/bin/cc   -Wall  -O3 -march=native     -o CMakeFiles/cmTC_1daf4.dir/CheckSymbolExists.c.o   -c /home/simon/catkin_ws/src/orbslam2_modified/ORB_SLAM2_modified/include/CMakeFiles/CMakeTmp/CheckSymbolExists.c
Linking C executable cmTC_1daf4
/usr/bin/cmake -E cmake_link_script CMakeFiles/cmTC_1daf4.dir/link.txt --verbose=1
/usr/bin/cc   -Wall  -O3 -march=native      -rdynamic CMakeFiles/cmTC_1daf4.dir/CheckSymbolExists.c.o  -o cmTC_1daf4 
CMakeFiles/cmTC_1daf4.dir/CheckSymbolExists.c.o: In function `main':
CheckSymbolExists.c:(.text.startup+0x0): undefined reference to `pthread_create'
CheckSymbolExists.c:(.text.startup+0x4): undefined reference to `pthread_create'
collect2: error: ld returned 1 exit status
CMakeFiles/cmTC_1daf4.dir/build.make:97: recipe for target 'cmTC_1daf4' failed
make[1]: *** [cmTC_1daf4] Error 1
make[1]: Leaving directory '/home/simon/catkin_ws/src/orbslam2_modified/ORB_SLAM2_modified/include/CMakeFiles/CMakeTmp'
Makefile:126: recipe for target 'cmTC_1daf4/fast' failed
make: *** [cmTC_1daf4/fast] Error 2

File /home/simon/catkin_ws/src/orbslam2_modified/ORB_SLAM2_modified/include/CMakeFiles/CMakeTmp/CheckSymbolExists.c:
/* */
#include <pthread.h>

int main(int argc, char** argv)
{
  (void)argv;
#ifndef pthread_create
  return ((int*)(&pthread_create))[argc];
#else
  (void)argc;
  return 0;
#endif
}

Determining if the function pthread_create exists in the pthreads failed with the following output:
Change Dir: /home/simon/catkin_ws/src/orbslam2_modified/ORB_SLAM2_modified/include/CMakeFiles/CMakeTmp

Run Build Command:"/usr/bin/make" "cmTC_2f10c/fast"
/usr/bin/make -f CMakeFiles/cmTC_2f10c.dir/build.make CMakeFiles/cmTC_2f10c.dir/build
make[1]: Entering directory '/home/simon/catkin_ws/src/orbslam2_modified/ORB_SLAM2_modified/include/CMakeFiles/CMakeTmp'
Building C object CMakeFiles/cmTC_2f10c.dir/CheckFunctionExists.c.o
/usr/bin/cc   -Wall  -O3 -march=native  -DCHECK_FUNCTION_EXISTS=pthread_create   -o CMakeFiles/cmTC_2f10c.dir/CheckFunctionExists.c.o   -c /usr/share/cmake-3.10/Modules/CheckFunctionExists.c
Linking C executable cmTC_2f10c
/usr/bin/cmake -E cmake_link_script CMakeFiles/cmTC_2f10c.dir/link.txt --verbose=1
/usr/bin/cc   -Wall  -O3 -march=native  -DCHECK_FUNCTION_EXISTS=pthread_create    -rdynamic CMakeFiles/cmTC_2f10c.dir/CheckFunctionExists.c.o  -o cmTC_2f10c -lpthreads 
/usr/bin/ld: cannot find -lpthreads
collect2: error: ld returned 1 exit status
CMakeFiles/cmTC_2f10c.dir/build.make:97: recipe for target 'cmTC_2f10c' failed
make[1]: *** [cmTC_2f10c] Error 1
make[1]: Leaving directory '/home/simon/catkin_ws/src/orbslam2_modified/ORB_SLAM2_modified/include/CMakeFiles/CMakeTmp'
Makefile:126: recipe for target 'cmTC_2f10c/fast' failed
make: *** [cmTC_2f10c/fast] Error 2


